c:\users\johnny\desktop\cpsc587asg3\cpsc587asg3\debug\vc141.pdb
c:\users\johnny\desktop\cpsc587asg3\cpsc587asg3\debug\vc141.idb
c:\users\johnny\desktop\cpsc587asg3\cpsc587asg3\debug\camera.obj
c:\users\johnny\desktop\cpsc587asg3\cpsc587asg3\debug\main.obj
c:\users\johnny\desktop\cpsc587asg3\cpsc587asg3\debug\mass.obj
c:\users\johnny\desktop\cpsc587asg3\cpsc587asg3\debug\spring.obj
c:\users\johnny\desktop\cpsc587asg3\cpsc587asg3\debug\glad.obj
c:\users\johnny\desktop\cpsc587asg3\debug\cpsc587asg3.pdb
c:\users\johnny\desktop\cpsc587asg3\cpsc587asg3\debug\cpsc587asg3.tlog\cl.command.1.tlog
c:\users\johnny\desktop\cpsc587asg3\cpsc587asg3\debug\cpsc587asg3.tlog\cl.read.1.tlog
c:\users\johnny\desktop\cpsc587asg3\cpsc587asg3\debug\cpsc587asg3.tlog\cl.write.1.tlog
c:\users\johnny\desktop\cpsc587asg3\cpsc587asg3\debug\cpsc587asg3.tlog\link.17312-cvtres.read.1.tlog
c:\users\johnny\desktop\cpsc587asg3\cpsc587asg3\debug\cpsc587asg3.tlog\link.17312-cvtres.write.1.tlog
c:\users\johnny\desktop\cpsc587asg3\cpsc587asg3\debug\cpsc587asg3.tlog\link.17312-rc.read.1.tlog
c:\users\johnny\desktop\cpsc587asg3\cpsc587asg3\debug\cpsc587asg3.tlog\link.17312-rc.write.1.tlog
c:\users\johnny\desktop\cpsc587asg3\cpsc587asg3\debug\cpsc587asg3.tlog\link.17312.read.1.tlog
c:\users\johnny\desktop\cpsc587asg3\cpsc587asg3\debug\cpsc587asg3.tlog\link.17312.write.1.tlog
c:\users\johnny\desktop\cpsc587asg3\cpsc587asg3\debug\cpsc587asg3.tlog\link.command.1.tlog
c:\users\johnny\desktop\cpsc587asg3\cpsc587asg3\debug\cpsc587asg3.tlog\link.read.1.tlog
c:\users\johnny\desktop\cpsc587asg3\cpsc587asg3\debug\cpsc587asg3.tlog\link.write.1.tlog
